[debug] [2022-01-29T08:54:49.993Z] ----------------------------------------------------------------------
[debug] [2022-01-29T08:54:49.995Z] Command:       /Users/cdelcarmen-cruz/.nvm/versions/node/v14.18.2/bin/node /Users/cdelcarmen-cruz/.nvm/versions/node/v14.18.2/bin/firebase init
[debug] [2022-01-29T08:54:49.995Z] CLI Version:   10.1.2
[debug] [2022-01-29T08:54:49.995Z] Platform:      darwin
[debug] [2022-01-29T08:54:49.995Z] Node Version:  v14.18.2
[debug] [2022-01-29T08:54:49.997Z] Time:          Sat Jan 29 2022 03:54:49 GMT-0500 (Eastern Standard Time)
[debug] [2022-01-29T08:54:49.997Z] ----------------------------------------------------------------------
[debug] 
[debug] [2022-01-29T08:54:50.003Z] > command requires scopes: ["email","openid","https://www.googleapis.com/auth/cloudplatformprojects.readonly","https://www.googleapis.com/auth/firebase","https://www.googleapis.com/auth/cloud-platform"]
[debug] [2022-01-29T08:54:50.003Z] > authorizing via signed-in user (delcarmencaroline@gmail.com)
[info] 
     ######## #### ########  ######## ########     ###     ######  ########
     ##        ##  ##     ## ##       ##     ##  ##   ##  ##       ##
     ######    ##  ########  ######   ########  #########  ######  ######
     ##        ##  ##    ##  ##       ##     ## ##     ##       ## ##
     ##       #### ##     ## ######## ########  ##     ##  ######  ########

You're about to initialize a Firebase project in this directory:

  /Users/cdelcarmen-cruz/HD/Medical_Imaging_Application

[debug] [2022-01-29T08:55:34.622Z] ----------------------------------------------------------------------
[debug] [2022-01-29T08:55:34.624Z] Command:       /Users/cdelcarmen-cruz/.nvm/versions/node/v14.18.2/bin/node /Users/cdelcarmen-cruz/.nvm/versions/node/v14.18.2/bin/firebase init
[debug] [2022-01-29T08:55:34.624Z] CLI Version:   10.1.2
[debug] [2022-01-29T08:55:34.624Z] Platform:      darwin
[debug] [2022-01-29T08:55:34.624Z] Node Version:  v14.18.2
[debug] [2022-01-29T08:55:34.625Z] Time:          Sat Jan 29 2022 03:55:34 GMT-0500 (Eastern Standard Time)
[debug] [2022-01-29T08:55:34.625Z] ----------------------------------------------------------------------
[debug] 
[debug] [2022-01-29T08:55:34.631Z] > command requires scopes: ["email","openid","https://www.googleapis.com/auth/cloudplatformprojects.readonly","https://www.googleapis.com/auth/firebase","https://www.googleapis.com/auth/cloud-platform"]
[debug] [2022-01-29T08:55:34.631Z] > authorizing via signed-in user (delcarmencaroline@gmail.com)
[info] 
     ######## #### ########  ######## ########     ###     ######  ########
     ##        ##  ##     ## ##       ##     ##  ##   ##  ##       ##
     ######    ##  ########  ######   ########  #########  ######  ######
     ##        ##  ##    ##  ##       ##     ## ##     ##       ## ##
     ##       #### ##     ## ######## ########  ##     ##  ######  ########

You're about to initialize a Firebase project in this directory:

  /Users/cdelcarmen-cruz/HD/Medical_Imaging_Application

